<?xml version="1.0" encoding="utf-8"?><testsuites name="pytest tests"><testsuite name="pytest" errors="0" failures="0" skipped="0" tests="12" time="2.300" timestamp="2026-04-17T03:52:13.800884+00:00" hostname="agent-env-5e525965-b4c7-40c6-be65-e0672f316157"><testcase classname="backend.tests.test_bbq_planner.TestBBQPlannerAPI" name="test_get_bbq_plans_returns_200" time="0.225" /><testcase classname="backend.tests.test_bbq_planner.TestBBQPlannerAPI" name="test_get_bbq_plans_returns_list" time="0.110" /><testcase classname="backend.tests.test_bbq_planner.TestBBQPlannerAPI" name="test_create_bbq_plan_success" time="0.108" /><testcase classname="backend.tests.test_bbq_planner.TestBBQPlannerAPI" name="test_create_bbq_plan_validates_email" time="0.120" /><testcase classname="backend.tests.test_bbq_planner.TestBBQPlannerAPI" name="test_create_bbq_plan_requires_all_fields" time="0.108" /><testcase classname="backend.tests.test_bbq_planner.TestBBQPlannerAPI" name="test_get_bbq_plan_by_id" time="0.271" /><testcase classname="backend.tests.test_bbq_planner.TestBBQPlannerAPI" name="test_get_bbq_plan_not_found" time="0.125" /><testcase classname="backend.tests.test_bbq_planner.TestBBQPlannerAPI" name="test_bbq_plan_response_structure" time="0.117" /><testcase classname="backend.tests.test_bbq_planner.TestBBQPlannerAPI" name="test_bbq_plan_data_types" time="0.162" /><testcase classname="backend.tests.test_bbq_planner.TestBBQPlannerAPI" name="test_bbq_plan_with_all_categories" time="0.107" /><testcase classname="backend.tests.test_bbq_planner.TestBBQPlannerAPI" name="test_bbq_plan_beef_quality_options" time="0.419" /><testcase classname="backend.tests.test_bbq_planner.TestBBQPlannerDataPersistence" name="test_plan_persists_after_creation" time="0.332" /></testsuite></testsuites>