<?xml version="1.0" encoding="utf-8"?><testsuites name="pytest tests"><testsuite name="pytest" errors="0" failures="0" skipped="0" tests="10" time="3.166" timestamp="2026-04-17T23:28:44.263933+00:00" hostname="agent-env-5e525965-b4c7-40c6-be65-e0672f316157"><testcase classname="tests.test_bbq_features.TestBBQSettingsAPI" name="test_get_bbq_settings_public" time="0.169" /><testcase classname="tests.test_bbq_features.TestBBQSettingsAPI" name="test_update_bbq_settings_requires_auth" time="0.159" /><testcase classname="tests.test_bbq_features.TestBBQSettingsAPI" name="test_update_bbq_settings_with_auth" time="0.582" /><testcase classname="tests.test_bbq_features.TestBBQProductsAPI" name="test_get_bbq_products" time="0.196" /><testcase classname="tests.test_bbq_features.TestBBQProductsAPI" name="test_steak_products_exist" time="0.156" /><testcase classname="tests.test_bbq_features.TestBBQProductsAPI" name="test_non_steak_products_exist" time="0.106" /><testcase classname="tests.test_bbq_features.TestAuthAPI" name="test_admin_login" time="0.386" /><testcase classname="tests.test_bbq_features.TestAuthAPI" name="test_admin_login_wrong_password" time="0.351" /><testcase classname="tests.test_bbq_features.TestAuthAPI" name="test_auth_me_without_token" time="0.138" /><testcase classname="tests.test_bbq_features.TestCheckoutAPI" name="test_checkout_session_creation" time="0.835" /></testsuite></testsuites>