<?xml version="1.0" encoding="utf-8"?><testsuites name="pytest tests"><testsuite name="pytest" errors="0" failures="0" skipped="0" tests="17" time="6.652" timestamp="2026-04-17T06:42:33.596434+00:00" hostname="agent-env-5e525965-b4c7-40c6-be65-e0672f316157"><testcase classname="backend.tests.test_customer_portal.TestMembershipSecurity" name="test_get_memberships_public" time="0.148" /><testcase classname="backend.tests.test_customer_portal.TestMembershipSecurity" name="test_post_membership_requires_auth" time="0.106" /><testcase classname="backend.tests.test_customer_portal.TestMembershipSecurity" name="test_put_membership_requires_auth" time="0.111" /><testcase classname="backend.tests.test_customer_portal.TestMembershipSecurity" name="test_delete_membership_requires_auth" time="0.099" /><testcase classname="backend.tests.test_customer_portal.TestCustomerRegistration" name="test_register_new_customer" time="0.332" /><testcase classname="backend.tests.test_customer_portal.TestCustomerRegistration" name="test_register_duplicate_email_fails" time="0.423" /><testcase classname="backend.tests.test_customer_portal.TestCustomerLogin" name="test_login_success" time="0.667" /><testcase classname="backend.tests.test_customer_portal.TestCustomerLogin" name="test_login_wrong_password" time="0.691" /><testcase classname="backend.tests.test_customer_portal.TestCustomerLogin" name="test_login_nonexistent_email" time="0.449" /><testcase classname="backend.tests.test_customer_portal.TestCustomerProfile" name="test_get_profile_requires_auth" time="0.424" /><testcase classname="backend.tests.test_customer_portal.TestCustomerProfile" name="test_get_profile_with_token" time="0.437" /><testcase classname="backend.tests.test_customer_portal.TestCustomerProfile" name="test_update_profile_requires_auth" time="0.437" /><testcase classname="backend.tests.test_customer_portal.TestCustomerProfile" name="test_update_profile_with_token" time="0.584" /><testcase classname="backend.tests.test_customer_portal.TestCustomerProfile" name="test_cannot_update_email" time="0.555" /><testcase classname="backend.tests.test_customer_portal.TestCustomerProfile" name="test_cannot_update_membership_tier" time="0.543" /><testcase classname="backend.tests.test_customer_portal.TestCustomerLogout" name="test_logout_endpoint" time="0.098" /><testcase classname="backend.tests.test_customer_portal.TestExistingCustomer" name="test_login_jane_smith" time="0.335" /></testsuite></testsuites>