<?xml version="1.0" encoding="utf-8"?><testsuites name="pytest tests"><testsuite name="pytest" errors="0" failures="0" skipped="0" tests="6" time="2.718" timestamp="2026-04-17T21:39:29.788917+00:00" hostname="agent-env-5e525965-b4c7-40c6-be65-e0672f316157"><testcase classname="tests.test_image_upload_auth.TestImageUploadAuthentication" name="test_upload_without_auth_returns_401" time="0.235" /><testcase classname="tests.test_image_upload_auth.TestImageUploadAuthentication" name="test_upload_with_auth_succeeds" time="0.453" /><testcase classname="tests.test_image_upload_auth.TestImageUploadAuthentication" name="test_upload_with_bearer_token_succeeds" time="0.602" /><testcase classname="tests.test_image_upload_auth.TestImageUploadAuthentication" name="test_upload_non_image_returns_400" time="0.439" /><testcase classname="tests.test_image_upload_auth.TestProductUpdateWithImage" name="test_get_products" time="0.415" /><testcase classname="tests.test_image_upload_auth.TestProductUpdateWithImage" name="test_update_product_with_image_url" time="0.497" /></testsuite></testsuites>