<?xml version="1.0" encoding="utf-8"?><testsuites name="pytest tests"><testsuite name="pytest" errors="0" failures="0" skipped="0" tests="8" time="3.474" timestamp="2026-04-17T20:09:05.993050+00:00" hostname="agent-env-5e525965-b4c7-40c6-be65-e0672f316157"><testcase classname="tests.test_image_upload.TestImageUpload" name="test_image_upload_requires_auth" time="0.477" /><testcase classname="tests.test_image_upload.TestImageUpload" name="test_image_upload_success" time="0.404" /><testcase classname="tests.test_image_upload.TestImageUpload" name="test_image_upload_rejects_non_image" time="0.431" /><testcase classname="tests.test_image_upload.TestImageUpload" name="test_create_product_with_image_url" time="0.428" /><testcase classname="tests.test_image_upload.TestImageUpload" name="test_update_product_image" time="0.516" /><testcase classname="tests.test_image_upload.TestImageUpload" name="test_upload_and_create_product_flow" time="0.560" /><testcase classname="tests.test_image_upload.TestImageUpload" name="test_products_list_includes_images" time="0.472" /><testcase classname="tests.test_image_upload.TestProductImageDisplay" name="test_products_endpoint_returns_images" time="0.120" /></testsuite></testsuites>