<?xml version="1.0" encoding="utf-8"?><testsuites name="pytest tests"><testsuite name="pytest" errors="0" failures="0" skipped="0" tests="25" time="5.632" timestamp="2026-04-17T00:47:50.809423+00:00" hostname="agent-env-5e525965-b4c7-40c6-be65-e0672f316157"><testcase classname="backend.tests.test_packages_boxes.TestPackagesAPI" name="test_get_packages_returns_200" time="0.142" /><testcase classname="backend.tests.test_packages_boxes.TestPackagesAPI" name="test_get_packages_returns_list" time="0.115" /><testcase classname="backend.tests.test_packages_boxes.TestPackagesAPI" name="test_packages_have_required_fields" time="0.123" /><testcase classname="backend.tests.test_packages_boxes.TestPackagesAPI" name="test_quarter_cow_package_exists" time="0.330" /><testcase classname="backend.tests.test_packages_boxes.TestPackagesAPI" name="test_half_cow_package_exists" time="0.126" /><testcase classname="backend.tests.test_packages_boxes.TestPackagesAPI" name="test_package_items_have_required_fields" time="0.107" /><testcase classname="backend.tests.test_packages_boxes.TestBoxesAPI" name="test_get_boxes_returns_200" time="0.144" /><testcase classname="backend.tests.test_packages_boxes.TestBoxesAPI" name="test_get_boxes_returns_list" time="0.118" /><testcase classname="backend.tests.test_packages_boxes.TestBoxesAPI" name="test_boxes_have_required_fields" time="0.123" /><testcase classname="backend.tests.test_packages_boxes.TestBoxesAPI" name="test_wagyu_luxury_bundle_exists" time="0.124" /><testcase classname="backend.tests.test_packages_boxes.TestBoxesAPI" name="test_wagyu_starter_bundle_exists" time="0.119" /><testcase classname="backend.tests.test_packages_boxes.TestBoxesAPI" name="test_american_steakhouse_box_exists" time="0.163" /><testcase classname="backend.tests.test_packages_boxes.TestBoxesAPI" name="test_master_cuts_bundle_exists" time="0.142" /><testcase classname="backend.tests.test_packages_boxes.TestBoxesAPI" name="test_box_items_have_required_fields" time="0.118" /><testcase classname="backend.tests.test_packages_boxes.TestBoxesAPI" name="test_boxes_have_features" time="0.122" /><testcase classname="backend.tests.test_packages_boxes.TestAuthenticatedPackageOperations" name="test_create_package_requires_auth" time="0.113" /><testcase classname="backend.tests.test_packages_boxes.TestAuthenticatedPackageOperations" name="test_create_and_delete_package" time="0.701" /><testcase classname="backend.tests.test_packages_boxes.TestAuthenticatedBoxOperations" name="test_create_box_requires_auth" time="0.111" /><testcase classname="backend.tests.test_packages_boxes.TestAuthenticatedBoxOperations" name="test_create_and_delete_box" time="0.654" /><testcase classname="backend.tests.test_packages_boxes.TestCheckoutIntegration" name="test_checkout_session_endpoint_exists" time="0.100" /><testcase classname="backend.tests.test_packages_boxes.TestCheckoutIntegration" name="test_checkout_with_package_item" time="0.772" /><testcase classname="backend.tests.test_packages_boxes.TestCheckoutIntegration" name="test_checkout_with_box_item" time="0.629" /><testcase classname="backend.tests.test_packages_boxes.TestBBQProductsWithUpcharges" name="test_get_bbq_products_returns_200" time="0.130" /><testcase classname="backend.tests.test_packages_boxes.TestBBQProductsWithUpcharges" name="test_bbq_products_have_upcharge_fields" time="0.099" /><testcase classname="backend.tests.test_packages_boxes.TestBBQProductsWithUpcharges" name="test_bbq_products_have_base_price" time="0.121" /></testsuite></testsuites>