<?xml version="1.0" encoding="utf-8"?><testsuites name="pytest tests"><testsuite name="pytest" errors="0" failures="0" skipped="0" tests="9" time="4.185" timestamp="2026-04-17T20:19:35.461718+00:00" hostname="agent-env-5e525965-b4c7-40c6-be65-e0672f316157"><testcase classname="backend.tests.test_products_images.TestProductsImageUpload" name="test_get_products" time="0.489" /><testcase classname="backend.tests.test_products_images.TestProductsImageUpload" name="test_create_product_with_image_url" time="0.553" /><testcase classname="backend.tests.test_products_images.TestProductsImageUpload" name="test_image_upload_endpoint" time="0.541" /><testcase classname="backend.tests.test_products_images.TestProductsImageUpload" name="test_image_upload_rejects_non_image" time="0.516" /><testcase classname="backend.tests.test_products_images.TestProductsImageUpload" name="test_update_product_image" time="0.565" /><testcase classname="backend.tests.test_products_images.TestProductsImageUpload" name="test_create_product_with_uploaded_image" time="0.609" /><testcase classname="backend.tests.test_products_images.TestProductsImageUpload" name="test_delete_product" time="0.555" /><testcase classname="backend.tests.test_products_images.TestProductsManagerUI" name="test_products_endpoint_accessible" time="0.163" /><testcase classname="backend.tests.test_products_images.TestProductsManagerUI" name="test_upload_requires_auth" time="0.121" /></testsuite></testsuites>