<?xml version="1.0" encoding="utf-8"?><testsuites name="pytest tests"><testsuite name="pytest" errors="0" failures="0" skipped="0" tests="42" time="16.879" timestamp="2026-04-15T22:57:45.121675+00:00" hostname="agent-env-5e525965-b4c7-40c6-be65-e0672f316157"><testcase classname="backend.tests.test_backend_api.TestHealthAndBasics" name="test_api_reachable" time="0.233" /><testcase classname="backend.tests.test_backend_api.TestAuthentication" name="test_login_success" time="0.341" /><testcase classname="backend.tests.test_backend_api.TestAuthentication" name="test_login_invalid_credentials" time="0.391" /><testcase classname="backend.tests.test_backend_api.TestAuthentication" name="test_login_nonexistent_user" time="0.138" /><testcase classname="backend.tests.test_backend_api.TestAuthentication" name="test_auth_me_without_token" time="0.114" /><testcase classname="backend.tests.test_backend_api.TestAuthentication" name="test_auth_me_with_token" time="0.409" /><testcase classname="backend.tests.test_backend_api.TestAuthentication" name="test_logout" time="0.400" /><testcase classname="backend.tests.test_backend_api.TestProductsCRUD" name="test_get_products_public" time="0.108" /><testcase classname="backend.tests.test_backend_api.TestProductsCRUD" name="test_create_product_requires_auth" time="0.129" /><testcase classname="backend.tests.test_backend_api.TestProductsCRUD" name="test_create_update_delete_product" time="0.824" /><testcase classname="backend.tests.test_backend_api.TestMembershipsCRUD" name="test_get_memberships_public" time="0.128" /><testcase classname="backend.tests.test_backend_api.TestMembershipsCRUD" name="test_create_membership_requires_auth" time="0.111" /><testcase classname="backend.tests.test_backend_api.TestMembershipsCRUD" name="test_create_update_delete_membership" time="0.514" /><testcase classname="backend.tests.test_backend_api.TestDiscountCodesCRUD" name="test_get_discount_codes_requires_auth" time="0.110" /><testcase classname="backend.tests.test_backend_api.TestDiscountCodesCRUD" name="test_create_discount_code_requires_auth" time="0.111" /><testcase classname="backend.tests.test_backend_api.TestDiscountCodesCRUD" name="test_create_percentage_discount" time="0.520" /><testcase classname="backend.tests.test_backend_api.TestDiscountCodesCRUD" name="test_create_fixed_discount" time="0.426" /><testcase classname="backend.tests.test_backend_api.TestDiscountCodesCRUD" name="test_duplicate_code_rejected" time="0.603" /><testcase classname="backend.tests.test_backend_api.TestDiscountCodesCRUD" name="test_update_discount_code" time="0.479" /><testcase classname="backend.tests.test_backend_api.TestDiscountCodesCRUD" name="test_delete_discount_code" time="0.481" /><testcase classname="backend.tests.test_backend_api.TestDiscountValidation" name="test_validate_valid_code" time="0.552" /><testcase classname="backend.tests.test_backend_api.TestDiscountValidation" name="test_validate_case_insensitive" time="0.614" /><testcase classname="backend.tests.test_backend_api.TestDiscountValidation" name="test_validate_invalid_code" time="0.120" /><testcase classname="backend.tests.test_backend_api.TestDiscountValidation" name="test_validate_inactive_code" time="0.557" /><testcase classname="backend.tests.test_backend_api.TestDiscountValidation" name="test_validate_expired_code" time="0.556" /><testcase classname="backend.tests.test_backend_api.TestDiscountValidation" name="test_validate_max_uses_reached" time="0.497" /><testcase classname="backend.tests.test_backend_api.TestDiscountValidation" name="test_validate_min_purchase_not_met" time="0.659" /><testcase classname="backend.tests.test_backend_api.TestDiscountValidation" name="test_fixed_discount_calculation" time="0.717" /><testcase classname="backend.tests.test_backend_api.TestCheckoutWithDiscounts" name="test_checkout_without_discount" time="0.855" /><testcase classname="backend.tests.test_backend_api.TestCheckoutWithDiscounts" name="test_checkout_with_valid_discount" time="0.993" /><testcase classname="backend.tests.test_backend_api.TestCheckoutWithDiscounts" name="test_checkout_with_subscribe_and_save" time="0.466" /><testcase classname="backend.tests.test_backend_api.TestCheckoutWithDiscounts" name="test_mutual_exclusivity_enforcement" time="0.570" /><testcase classname="backend.tests.test_backend_api.TestCheckoutWithDiscounts" name="test_checkout_mixed_cart_with_discount" time="0.611" /><testcase classname="backend.tests.test_backend_api.TestCRMCustomers" name="test_get_customers_requires_auth" time="0.112" /><testcase classname="backend.tests.test_backend_api.TestCRMCustomers" name="test_create_customer_public" time="0.114" /><testcase classname="backend.tests.test_backend_api.TestCRMCustomers" name="test_get_customers_with_auth" time="0.398" /><testcase classname="backend.tests.test_backend_api.TestCRMCustomers" name="test_delete_customer" time="0.582" /><testcase classname="backend.tests.test_backend_api.TestSiteSettings" name="test_get_site_settings_public" time="0.112" /><testcase classname="backend.tests.test_backend_api.TestSiteSettings" name="test_update_site_settings_requires_auth" time="0.113" /><testcase classname="backend.tests.test_backend_api.TestSiteSettings" name="test_update_site_settings_with_auth" time="0.652" /><testcase classname="backend.tests.test_backend_api.TestSteakBoxes" name="test_get_steak_boxes_public" time="0.120" /><testcase classname="backend.tests.test_backend_api.TestMenuItems" name="test_get_menu_items_public" time="0.109" /></testsuite></testsuites>