<?xml version="1.0" encoding="utf-8"?><testsuites name="pytest tests"><testsuite name="pytest" errors="0" failures="0" skipped="0" tests="50" time="21.708" timestamp="2026-04-16T16:22:49.085776+00:00" hostname="agent-env-5e525965-b4c7-40c6-be65-e0672f316157"><testcase classname="backend.tests.test_backend_api.TestHealthAndBasics" name="test_api_reachable" time="0.265" /><testcase classname="backend.tests.test_backend_api.TestAuthentication" name="test_login_success" time="0.383" /><testcase classname="backend.tests.test_backend_api.TestAuthentication" name="test_login_invalid_credentials" time="0.389" /><testcase classname="backend.tests.test_backend_api.TestAuthentication" name="test_login_nonexistent_user" time="0.175" /><testcase classname="backend.tests.test_backend_api.TestAuthentication" name="test_auth_me_without_token" time="0.164" /><testcase classname="backend.tests.test_backend_api.TestAuthentication" name="test_auth_me_with_token" time="0.418" /><testcase classname="backend.tests.test_backend_api.TestAuthentication" name="test_logout" time="0.455" /><testcase classname="backend.tests.test_backend_api.TestProductsCRUD" name="test_get_products_public" time="0.153" /><testcase classname="backend.tests.test_backend_api.TestProductsCRUD" name="test_create_product_requires_auth" time="0.111" /><testcase classname="backend.tests.test_backend_api.TestProductsCRUD" name="test_create_update_delete_product" time="0.765" /><testcase classname="backend.tests.test_backend_api.TestMembershipsCRUD" name="test_get_memberships_public" time="0.117" /><testcase classname="backend.tests.test_backend_api.TestMembershipsCRUD" name="test_create_membership_requires_auth" time="0.160" /><testcase classname="backend.tests.test_backend_api.TestMembershipsCRUD" name="test_create_update_delete_membership" time="0.548" /><testcase classname="backend.tests.test_backend_api.TestDiscountCodesCRUD" name="test_get_discount_codes_requires_auth" time="0.108" /><testcase classname="backend.tests.test_backend_api.TestDiscountCodesCRUD" name="test_create_discount_code_requires_auth" time="0.132" /><testcase classname="backend.tests.test_backend_api.TestDiscountCodesCRUD" name="test_create_percentage_discount" time="0.510" /><testcase classname="backend.tests.test_backend_api.TestDiscountCodesCRUD" name="test_create_fixed_discount" time="0.493" /><testcase classname="backend.tests.test_backend_api.TestDiscountCodesCRUD" name="test_duplicate_code_rejected" time="0.519" /><testcase classname="backend.tests.test_backend_api.TestDiscountCodesCRUD" name="test_update_discount_code" time="0.600" /><testcase classname="backend.tests.test_backend_api.TestDiscountCodesCRUD" name="test_delete_discount_code" time="0.572" /><testcase classname="backend.tests.test_backend_api.TestDiscountValidation" name="test_validate_valid_code" time="0.605" /><testcase classname="backend.tests.test_backend_api.TestDiscountValidation" name="test_validate_case_insensitive" time="0.584" /><testcase classname="backend.tests.test_backend_api.TestDiscountValidation" name="test_validate_invalid_code" time="0.110" /><testcase classname="backend.tests.test_backend_api.TestDiscountValidation" name="test_validate_inactive_code" time="0.576" /><testcase classname="backend.tests.test_backend_api.TestDiscountValidation" name="test_validate_expired_code" time="0.575" /><testcase classname="backend.tests.test_backend_api.TestDiscountValidation" name="test_validate_max_uses_reached" time="0.588" /><testcase classname="backend.tests.test_backend_api.TestDiscountValidation" name="test_validate_min_purchase_not_met" time="0.813" /><testcase classname="backend.tests.test_backend_api.TestDiscountValidation" name="test_fixed_discount_calculation" time="0.777" /><testcase classname="backend.tests.test_backend_api.TestCheckoutWithDiscounts" name="test_checkout_without_discount" time="0.836" /><testcase classname="backend.tests.test_backend_api.TestCheckoutWithDiscounts" name="test_checkout_with_valid_discount" time="1.076" /><testcase classname="backend.tests.test_backend_api.TestCheckoutWithDiscounts" name="test_checkout_with_subscribe_and_save" time="0.626" /><testcase classname="backend.tests.test_backend_api.TestCheckoutWithDiscounts" name="test_mutual_exclusivity_enforcement" time="0.595" /><testcase classname="backend.tests.test_backend_api.TestCheckoutWithDiscounts" name="test_checkout_mixed_cart_with_discount" time="0.633" /><testcase classname="backend.tests.test_backend_api.TestCRMCustomers" name="test_get_customers_requires_auth" time="0.120" /><testcase classname="backend.tests.test_backend_api.TestCRMCustomers" name="test_create_customer_public" time="0.162" /><testcase classname="backend.tests.test_backend_api.TestCRMCustomers" name="test_get_customers_with_auth" time="0.398" /><testcase classname="backend.tests.test_backend_api.TestCRMCustomers" name="test_delete_customer" time="0.596" /><testcase classname="backend.tests.test_backend_api.TestSiteSettings" name="test_get_site_settings_public" time="0.143" /><testcase classname="backend.tests.test_backend_api.TestSiteSettings" name="test_update_site_settings_requires_auth" time="0.117" /><testcase classname="backend.tests.test_backend_api.TestSiteSettings" name="test_update_site_settings_with_auth" time="0.779" /><testcase classname="backend.tests.test_backend_api.TestSteakBoxes" name="test_get_steak_boxes_public" time="0.154" /><testcase classname="backend.tests.test_backend_api.TestMenuItems" name="test_get_menu_items_public" time="0.112" /><testcase classname="backend.tests.test_backend_api.TestProductGradeField" name="test_create_product_with_prime_grade" time="0.437" /><testcase classname="backend.tests.test_backend_api.TestProductGradeField" name="test_create_product_with_wagyu_x_grade" time="0.449" /><testcase classname="backend.tests.test_backend_api.TestProductGradeField" name="test_create_product_with_a5_wagyu_grade" time="0.454" /><testcase classname="backend.tests.test_backend_api.TestProductGradeField" name="test_create_product_with_grass_fed_grade" time="0.456" /><testcase classname="backend.tests.test_backend_api.TestProductGradeField" name="test_update_product_grade" time="0.505" /><testcase classname="backend.tests.test_backend_api.TestBBQCheckout" name="test_bbq_checkout_creates_session" time="0.489" /><testcase classname="backend.tests.test_backend_api.TestBBQCheckout" name="test_bbq_checkout_with_different_aging" time="0.520" /><testcase classname="backend.tests.test_backend_api.TestBBQCheckout" name="test_bbq_pricing_endpoint" time="0.164" /></testsuite></testsuites>