<?xml version="1.0" encoding="utf-8"?><testsuites name="pytest tests"><testsuite name="pytest" errors="0" failures="2" skipped="0" tests="23" time="5.917" timestamp="2026-04-17T20:40:46.742429+00:00" hostname="agent-env-5e525965-b4c7-40c6-be65-e0672f316157"><testcase classname="backend.tests.test_stripe_crm.TestAdminAuth" name="test_admin_login" time="0.797" /><testcase classname="backend.tests.test_stripe_crm.TestCustomerAuth" name="test_customer_registration" time="0.416" /><testcase classname="backend.tests.test_stripe_crm.TestCustomerAuth" name="test_customer_profile" time="0.393" /><testcase classname="backend.tests.test_stripe_crm.TestStripeSubscriptions" name="test_subscription_status_no_subscription" time="0.528" /><testcase classname="backend.tests.test_stripe_crm.TestStripeSubscriptions" name="test_create_subscription_invalid_tier" time="0.256" /><testcase classname="backend.tests.test_stripe_crm.TestStripeSubscriptions" name="test_create_subscription_requires_auth" time="0.108" /><testcase classname="backend.tests.test_stripe_crm.TestStripeSubscriptions" name="test_upgrade_subscription_no_existing" time="0.124" /><testcase classname="backend.tests.test_stripe_crm.TestStripeSubscriptions" name="test_cancel_subscription_no_existing" time="0.105" /><testcase classname="backend.tests.test_stripe_crm.TestCRMGodMode" name="test_admin_can_list_customers" time="0.425" /><testcase classname="backend.tests.test_stripe_crm.TestCRMGodMode" name="test_admin_override_customer_data" time="0.402" /><testcase classname="backend.tests.test_stripe_crm.TestCRMGodMode" name="test_admin_override_empty_data" time="0.057" /><testcase classname="backend.tests.test_stripe_crm.TestCRMGodMode" name="test_admin_upgrade_membership" time="0.069" /><testcase classname="backend.tests.test_stripe_crm.TestCRMGodMode" name="test_admin_upgrade_invalid_tier" time="0.064" /><testcase classname="backend.tests.test_stripe_crm.TestCRMGodMode" name="test_admin_reset_password" time="0.280" /><testcase classname="backend.tests.test_stripe_crm.TestCRMGodMode" name="test_admin_reset_password_short" time="0.299" /><testcase classname="backend.tests.test_stripe_crm.TestCRMGodMode" name="test_admin_revoke_access" time="0.062" /><testcase classname="backend.tests.test_stripe_crm.TestCRMGodMode" name="test_admin_restore_access" time="0.080" /><testcase classname="backend.tests.test_stripe_crm.TestCRMGodMode" name="test_admin_view_audit_log" time="0.057" /><testcase classname="backend.tests.test_stripe_crm.TestCRMGodMode" name="test_admin_view_recent_actions" time="0.069" /><testcase classname="backend.tests.test_stripe_crm.TestCRMGodMode" name="test_admin_override_nonexistent_customer" time="0.076" /><testcase classname="backend.tests.test_stripe_crm.TestAuditLogging" name="test_audit_log_contains_admin_email" time="0.809" /><testcase classname="backend.tests.test_stripe_crm.TestStripeWebhook" name="test_webhook_invalid_payload" time="0.120"><failure message="assert 500 in [400, 422]&#10; +  where 500 = &lt;Response [500]&gt;.status_code">backend/tests/test_stripe_crm.py:376: in test_webhook_invalid_payload
    assert response.status_code in [400, 422]
E   assert 500 in [400, 422]
E    +  where 500 = &lt;Response [500]&gt;.status_code</failure></testcase><testcase classname="backend.tests.test_stripe_crm.TestStripeWebhook" name="test_webhook_missing_signature" time="0.137"><failure message="assert 500 in [200, 400]&#10; +  where 500 = &lt;Response [500]&gt;.status_code">backend/tests/test_stripe_crm.py:386: in test_webhook_missing_signature
    assert response.status_code in [200, 400]
E   assert 500 in [200, 400]
E    +  where 500 = &lt;Response [500]&gt;.status_code</failure></testcase></testsuite></testsuites>