<?xml version="1.0" encoding="utf-8"?><testsuites name="pytest tests"><testsuite name="pytest" errors="0" failures="0" skipped="0" tests="8" time="4.303" timestamp="2026-04-16T23:40:53.026489+00:00" hostname="agent-env-5e525965-b4c7-40c6-be65-e0672f316157"><testcase classname="backend.tests.test_unified_products.TestUnifiedProductsSync" name="test_admin_login" time="0.772" /><testcase classname="backend.tests.test_unified_products.TestUnifiedProductsSync" name="test_create_product_syncs_to_both_collections" time="0.724" /><testcase classname="backend.tests.test_unified_products.TestUnifiedProductsSync" name="test_update_product_syncs_to_both_collections" time="0.808" /><testcase classname="backend.tests.test_unified_products.TestUnifiedProductsSync" name="test_delete_product_removes_from_both_collections" time="0.946" /><testcase classname="backend.tests.test_unified_products.TestUnifiedProductsSync" name="test_product_count_consistency" time="0.639" /><testcase classname="backend.tests.test_unified_products.TestBBQProductsEndpoint" name="test_get_all_bbq_products" time="0.117" /><testcase classname="backend.tests.test_unified_products.TestBBQProductsEndpoint" name="test_bbq_products_have_required_fields" time="0.110" /><testcase classname="backend.tests.test_unified_products.TestBBQProductsEndpoint" name="test_products_endpoint_returns_synced_data" time="0.107" /></testsuite></testsuites>